h:\csse376\dominiongame\debug\dominiongame.pch
h:\csse376\dominiongame\debug\vc120.pdb
h:\csse376\dominiongame\debug\vc120.idb
h:\csse376\dominiongame\debug\stdafx.obj
h:\csse376\dominiongame\debug\game.obj
h:\csse376\dominiongame\debug\mainmenu.obj
h:\csse376\dominiongame\debug\dominiongame.obj
h:\csse376\dominiongame\debug\splashscreen.obj
c:\users\cookmn\documents\github\dominiongame\dominiongame\debug\vc120.pdb
h:\csse376\dominiongame\debug\dominiongame.ilk
h:\csse376\dominiongame\debug\dominiongame.exe
h:\csse376\dominiongame\debug\dominiongame.pdb
c:\users\cookmn\documents\github\dominiongame\dominiongame\debug\dominiongame.obj
c:\users\cookmn\documents\github\dominiongame\dominiongame\debug\game.obj
c:\users\cookmn\documents\github\dominiongame\dominiongame\debug\mainmenu.obj
c:\users\cookmn\documents\github\dominiongame\dominiongame\debug\splashscreen.obj
c:\users\cookmn\documents\github\dominiongame\dominiongame\debug\stdafx.obj
c:\users\cookmn\documents\github\dominiongame\dominiongame\debug\dominiongame.ilk
c:\users\cookmn\documents\github\dominiongame\dominiongame\debug\dominiongame.exe.embed.manifest
c:\users\cookmn\documents\github\dominiongame\dominiongame\debug\dominiongame.exe.intermediate.manifest
c:\users\cookmn\documents\github\dominiongame\dominiongame\debug\dominiongame.exe.embed.manifest.res
c:\users\cookmn\documents\github\dominiongame\dominiongame\debug\vc100.idb
c:\users\cookmn\documents\github\dominiongame\dominiongame\debug\vc120.idb
c:\users\cookmn\documents\github\dominiongame\dominiongame\debug\dominiongame.pdb
c:\users\cookmn\documents\github\dominiongame\dominiongame\debug\dominiongame_manifest.rc
c:\users\cookmn\documents\github\dominiongame\dominiongame\debug\dominiongame.exe
c:\users\cookmn\documents\github\dominiongame\dominiongame\debug\dominiongame.tlog\cl.command.1.tlog
c:\users\cookmn\documents\github\dominiongame\dominiongame\debug\dominiongame.tlog\cl.read.1.tlog
c:\users\cookmn\documents\github\dominiongame\dominiongame\debug\dominiongame.tlog\cl.write.1.tlog
c:\users\cookmn\documents\github\dominiongame\dominiongame\debug\dominiongame.tlog\link.command.1.tlog
c:\users\cookmn\documents\github\dominiongame\dominiongame\debug\dominiongame.tlog\link.read.1.tlog
c:\users\cookmn\documents\github\dominiongame\dominiongame\debug\dominiongame.tlog\link.write.1.tlog
