Build started 3/25/2015 9:22:29 PM.
     1>Project "H:\CSSE376\DominionGame\Pang.vcxproj" on node 2 (Build target(s)).
     1>C:\Program Files (x86)\MSBuild\Microsoft.Cpp\v4.0\V120\Microsoft.CppBuild.targets(388,5): warning MSB8028: The intermediate directory (Debug\) contains files shared from another project (Pang.vcxproj).  This can lead to incorrect clean and rebuild behavior.
     1>ClCompile:
         I:\Visual Studio\VC\bin\CL.exe /c /I"SFML-1.6/Include/" /ZI /nologo /W3 /WX- /Od /Oy- /D WIN32 /D _DEBUG /D _CONSOLE /D _UNICODE /D UNICODE /Gm /EHsc /RTC1 /MDd /GS /fp:precise /Zc:wchar_t /Zc:forScope /Yc"stdafx.h" /Fp"Debug\DominionGame.pch" /Fo"Debug\\" /Fd"Debug\vc120.pdb" /Gd /TP /analyze- /errorReport:prompt stdafx.cpp
         stdafx.cpp
         I:\Visual Studio\VC\bin\CL.exe /c /I"SFML-1.6/Include/" /ZI /nologo /W3 /WX- /Od /Oy- /D WIN32 /D _DEBUG /D _CONSOLE /D _UNICODE /D UNICODE /Gm /EHsc /RTC1 /MDd /GS /fp:precise /Zc:wchar_t /Zc:forScope /Yu"stdafx.h" /Fp"Debug\DominionGame.pch" /Fo"Debug\\" /Fd"Debug\vc120.pdb" /Gd /TP /analyze- /errorReport:prompt game.cpp MainMenu.cpp DominionGame.cpp SplashScreen.cpp
         SplashScreen.cpp
         DominionGame.cpp
         MainMenu.cpp
         game.cpp
         Generating Code...
       Link:
         I:\Visual Studio\VC\bin\link.exe /ERRORREPORT:PROMPT /OUT:"H:\CSSE376\DominionGame\Debug\DominionGame.exe" /INCREMENTAL /NOLOGO /LIBPATH:"SFML-1.6/lib/" kernel32.lib user32.lib gdi32.lib winspool.lib comdlg32.lib advapi32.lib shell32.lib ole32.lib oleaut32.lib uuid.lib odbc32.lib odbccp32.lib "sfml-system-d.lib" "sfml-main-d.lib" "sfml-graphics-d.lib" "sfml-audio-d.lib" "sfml-network-d.lib" "sfml-window-d.lib" kernel32.lib user32.lib gdi32.lib winspool.lib comdlg32.lib advapi32.lib shell32.lib ole32.lib oleaut32.lib uuid.lib odbc32.lib odbccp32.lib /MANIFEST /MANIFESTUAC:"level='asInvoker' uiAccess='false'" /manifest:embed /DEBUG /PDB:"H:\CSSE376\DominionGame\Debug\DominionGame.pdb" /SUBSYSTEM:CONSOLE /TLBID:1 /DYNAMICBASE /NXCOMPAT /IMPLIB:"H:\CSSE376\DominionGame\Debug\DominionGame.lib" /MACHINE:X86 Debug\game.obj
         Debug\MainMenu.obj
         Debug\DominionGame.obj
         Debug\SplashScreen.obj
         Debug\stdafx.obj
         Pang.vcxproj -> H:\CSSE376\DominionGame\Debug\DominionGame.exe
     1>Done Building Project "H:\CSSE376\DominionGame\Pang.vcxproj" (Build target(s)).

Build succeeded.

Time Elapsed 00:00:02.05
